Using pre-set license
Built from '2022.3/staging' branch; Version is '2022.3.14f1 (eff2de9070d8) revision 15725278'; Using compiler version '192829333'; Build Type 'Release'
OS: 'Windows 10  (10.0.19045) 64bit Professional' Language: 'ko' Physical Memory: 16309 MB
BatchMode: 1, IsHumanControllingUs: 0, StartBugReporterOnCrash: 0, Is64bit: 1, IsPro: 1

COMMAND LINE ARGUMENTS:
C:\Program Files\Unity\Hub\Editor\2022.3.14f1\Editor\Unity.exe
-adb2
-batchMode
-noUpm
-name
AssetImportWorker0
-projectPath
C:/Users/USER/Desktop/unity/ToyProject/ToyProject
-logFile
Logs/AssetImportWorker0.log
-srvPort
10569
Successfully changed project path to: C:/Users/USER/Desktop/unity/ToyProject/ToyProject
C:/Users/USER/Desktop/unity/ToyProject/ToyProject
[UnityMemory] Configuration Parameters - Can be set up in boot.config
    "memorysetup-bucket-allocator-granularity=16"
    "memorysetup-bucket-allocator-bucket-count=8"
    "memorysetup-bucket-allocator-block-size=33554432"
    "memorysetup-bucket-allocator-block-count=8"
    "memorysetup-main-allocator-block-size=16777216"
    "memorysetup-thread-allocator-block-size=16777216"
    "memorysetup-gfx-main-allocator-block-size=16777216"
    "memorysetup-gfx-thread-allocator-block-size=16777216"
    "memorysetup-cache-allocator-block-size=4194304"
    "memorysetup-typetree-allocator-block-size=2097152"
    "memorysetup-profiler-bucket-allocator-granularity=16"
    "memorysetup-profiler-bucket-allocator-bucket-count=8"
    "memorysetup-profiler-bucket-allocator-block-size=33554432"
    "memorysetup-profiler-bucket-allocator-block-count=8"
    "memorysetup-profiler-allocator-block-size=16777216"
    "memorysetup-profiler-editor-allocator-block-size=1048576"
    "memorysetup-temp-allocator-size-main=16777216"
    "memorysetup-job-temp-allocator-block-size=2097152"
    "memorysetup-job-temp-allocator-block-size-background=1048576"
    "memorysetup-job-temp-allocator-reduction-small-platforms=262144"
    "memorysetup-allocator-temp-initial-block-size-main=262144"
    "memorysetup-allocator-temp-initial-block-size-worker=262144"
    "memorysetup-temp-allocator-size-background-worker=32768"
    "memorysetup-temp-allocator-size-job-worker=262144"
    "memorysetup-temp-allocator-size-preload-manager=33554432"
    "memorysetup-temp-allocator-size-nav-mesh-worker=65536"
    "memorysetup-temp-allocator-size-audio-worker=65536"
    "memorysetup-temp-allocator-size-cloud-worker=32768"
    "memorysetup-temp-allocator-size-gi-baking-worker=262144"
    "memorysetup-temp-allocator-size-gfx=262144"
Player connection [26740] Host "[IP] 192.168.219.101 [Port] 0 [Flags] 2 [Guid] 1497341146 [EditorId] 1497341146 [Version] 1048832 [Id] WindowsEditor(7,DESKTOP-5Q74B9L) [Debug] 1 [PackageName] WindowsEditor [ProjectName] Editor" joined multi-casting on [225.0.0.222:54997]...

Player connection [26740] Host "[IP] 192.168.219.101 [Port] 0 [Flags] 2 [Guid] 1497341146 [EditorId] 1497341146 [Version] 1048832 [Id] WindowsEditor(7,DESKTOP-5Q74B9L) [Debug] 1 [PackageName] WindowsEditor [ProjectName] Editor" joined alternative multi-casting on [225.0.0.222:34997]...

[Physics::Module] Initialized MultithreadedJobDispatcher with 11 workers.
Refreshing native plugins compatible for Editor in 19.15 ms, found 3 plugins.
Preloading 0 native plugins for Editor in 0.00 ms.
Initialize engine version: 2022.3.14f1 (eff2de9070d8)
[Subsystems] Discovering subsystems at path C:/Program Files/Unity/Hub/Editor/2022.3.14f1/Editor/Data/Resources/UnitySubsystems
[Subsystems] Discovering subsystems at path C:/Users/USER/Desktop/unity/ToyProject/ToyProject/Assets
GfxDevice: creating device client; threaded=0; jobified=0
Direct3D:
    Version:  Direct3D 11.0 [level 11.1]
    Renderer: NVIDIA GeForce RTX 3060 (ID=0x2504)
    Vendor:   NVIDIA
    VRAM:     12129 MB
    Driver:   31.0.15.3623
Initialize mono
Mono path[0] = 'C:/Program Files/Unity/Hub/Editor/2022.3.14f1/Editor/Data/Managed'
Mono path[1] = 'C:/Program Files/Unity/Hub/Editor/2022.3.14f1/Editor/Data/MonoBleedingEdge/lib/mono/unityjit-win32'
Mono config path = 'C:/Program Files/Unity/Hub/Editor/2022.3.14f1/Editor/Data/MonoBleedingEdge/etc'
Using monoOptions --debugger-agent=transport=dt_socket,embedding=1,server=y,suspend=n,address=127.0.0.1:56488
Begin MonoManager ReloadAssembly
Registering precompiled unity dll's ...
Register platform support module: C:/Program Files/Unity/Hub/Editor/2022.3.14f1/Editor/Data/PlaybackEngines/WebGLSupport/UnityEditor.WebGL.Extensions.dll
Register platform support module: C:/Program Files/Unity/Hub/Editor/2022.3.14f1/Editor/Data/PlaybackEngines/AndroidPlayer/UnityEditor.Android.Extensions.dll
Register platform support module: C:/Program Files/Unity/Hub/Editor/2022.3.14f1/Editor/Data/PlaybackEngines/WindowsStandaloneSupport/UnityEditor.WindowsStandalone.Extensions.dll
Registered in 0.029084 seconds.
- Loaded All Assemblies, in  0.428 seconds
Native extension for WindowsStandalone target not found
Native extension for Android target not found
Android Extension - Scanning For ADB Devices 1751 ms
Native extension for WebGL target not found
Mono: successfully reloaded assembly
- Finished resetting the current domain, in  2.076 seconds
Domain Reload Profiling: 2498ms
	BeginReloadAssembly (135ms)
		ExecutionOrderSort (0ms)
		DisableScriptedObjects (0ms)
		BackupInstance (0ms)
		ReleaseScriptingObjects (0ms)
		CreateAndSetChildDomain (1ms)
	RebuildCommonClasses (34ms)
	RebuildNativeTypeToScriptingClass (9ms)
	initialDomainReloadingComplete (89ms)
	LoadAllAssembliesAndSetupDomain (155ms)
		LoadAssemblies (131ms)
		RebuildTransferFunctionScriptingTraits (0ms)
		AnalyzeDomain (151ms)
			TypeCache.Refresh (149ms)
				TypeCache.ScanAssembly (136ms)
			ScanForSourceGeneratedMonoScriptInfo (0ms)
			ResolveRequiredComponents (0ms)
	FinalizeReload (2077ms)
		ReleaseScriptCaches (0ms)
		RebuildScriptCaches (0ms)
		SetupLoadedEditorAssemblies (2014ms)
			LogAssemblyErrors (0ms)
			InitializePlatformSupportModulesInManaged (1878ms)
			SetLoadedEditorAssemblies (3ms)
			RefreshPlugins (0ms)
			BeforeProcessingInitializeOnLoad (2ms)
			ProcessInitializeOnLoadAttributes (83ms)
			ProcessInitializeOnLoadMethodAttributes (48ms)
			AfterProcessingInitializeOnLoad (0ms)
			EditorAssembliesLoaded (0ms)
		ExecutionOrderSort2 (0ms)
		AwakeInstancesAfterBackupRestoration (0ms)
========================================================================
Worker process is ready to serve import requests
Begin MonoManager ReloadAssembly
Symbol file data-000001E375B12020 doesn't match image C:\Users\USER\Desktop\unity\ToyProject\ToyProject\Library\ScriptAssemblies\Unity.Timeline.dll
Symbol file LoadedFromMemory is not a mono symbol file
Symbol file data-000001E3752B1E50 doesn't match image C:\Users\USER\Desktop\unity\ToyProject\ToyProject\Library\ScriptAssemblies\Unity.TestTools.CodeCoverage.Editor.OpenCover.Mono.Reflection.dll
Symbol file LoadedFromMemory is not a mono symbol file
Symbol file data-000001E375B53630 doesn't match image C:\Users\USER\Desktop\unity\ToyProject\ToyProject\Library\ScriptAssemblies\UnityEngine.UI.dll
Symbol file LoadedFromMemory is not a mono symbol file
Symbol file data-000001E3752B1E50 doesn't match image C:\Users\USER\Desktop\unity\ToyProject\ToyProject\Library\ScriptAssemblies\Unity.EditorCoroutines.Editor.dll
Symbol file LoadedFromMemory is not a mono symbol file
Symbol file data-000001E3752BFE60 doesn't match image C:\Users\USER\Desktop\unity\ToyProject\ToyProject\Library\ScriptAssemblies\Unity.VisualScripting.SettingsProvider.Editor.dll
Symbol file LoadedFromMemory is not a mono symbol file
Symbol file data-000001E375B5B640 doesn't match image C:\Users\USER\Desktop\unity\ToyProject\ToyProject\Library\ScriptAssemblies\Unity.Performance.Profile-Analyzer.Editor.dll
Symbol file LoadedFromMemory is not a mono symbol file
Symbol file data-000001E375B5B640 doesn't match image C:\Users\USER\Desktop\unity\ToyProject\ToyProject\Library\ScriptAssemblies\Unity.TestTools.CodeCoverage.Editor.dll
Symbol file LoadedFromMemory is not a mono symbol file
Symbol file data-000001E375B5B640 doesn't match image C:\Users\USER\Desktop\unity\ToyProject\ToyProject\Library\ScriptAssemblies\Unity.TestTools.CodeCoverage.Editor.OpenCover.Model.dll
Symbol file LoadedFromMemory is not a mono symbol file
Symbol file data-000001E376E46030 doesn't match image C:\Users\USER\Desktop\unity\ToyProject\ToyProject\Library\ScriptAssemblies\Unity.PlasticSCM.Editor.dll
Symbol file LoadedFromMemory is not a mono symbol file
Symbol file data-000001E375B5B640 doesn't match image C:\Users\USER\Desktop\unity\ToyProject\ToyProject\Library\ScriptAssemblies\UnityEngine.TestRunner.dll
Symbol file LoadedFromMemory is not a mono symbol file
Symbol file data-000001E376E66E40 doesn't match image C:\Users\USER\Desktop\unity\ToyProject\ToyProject\Library\ScriptAssemblies\Unity.VisualScripting.State.Editor.dll
Symbol file LoadedFromMemory is not a mono symbol file
Symbol file data-000001E376E66E40 doesn't match image C:\Users\USER\Desktop\unity\ToyProject\ToyProject\Library\ScriptAssemblies\Unity.Timeline.Editor.dll
Symbol file LoadedFromMemory is not a mono symbol file
Symbol file data-000001E375B73E50 doesn't match image C:\Users\USER\Desktop\unity\ToyProject\ToyProject\Library\ScriptAssemblies\Unity.Settings.Editor.dll
Symbol file LoadedFromMemory is not a mono symbol file
Symbol file data-000001E375A6E640 doesn't match image C:\Users\USER\Desktop\unity\ToyProject\ToyProject\Library\ScriptAssemblies\Unity.VisualScripting.Shared.Editor.dll
Symbol file LoadedFromMemory is not a mono symbol file
Symbol file data-000001E375A6E640 doesn't match image C:\Users\USER\Desktop\unity\ToyProject\ToyProject\Library\ScriptAssemblies\Unity.CollabProxy.Editor.dll
Symbol file LoadedFromMemory is not a mono symbol file
Symbol file data-000001E376DCC240 doesn't match image C:\Users\USER\Desktop\unity\ToyProject\ToyProject\Library\ScriptAssemblies\Unity.VisualStudio.Editor.dll
Symbol file LoadedFromMemory is not a mono symbol file
Symbol file data-000001E376E88850 doesn't match image C:\Users\USER\Desktop\unity\ToyProject\ToyProject\Library\ScriptAssemblies\Unity.TextMeshPro.dll
Symbol file LoadedFromMemory is not a mono symbol file
Symbol file data-000001E376B3F010 doesn't match image C:\Users\USER\Desktop\unity\ToyProject\ToyProject\Library\ScriptAssemblies\Unity.VisualScripting.Core.dll
Symbol file LoadedFromMemory is not a mono symbol file
Symbol file data-000001E376DCC240 doesn't match image C:\Users\USER\Desktop\unity\ToyProject\ToyProject\Library\ScriptAssemblies\Unity.TextMeshPro.Editor.dll
Symbol file LoadedFromMemory is not a mono symbol file
Symbol file data-000001E376DCC240 doesn't match image C:\Users\USER\Desktop\unity\ToyProject\ToyProject\Library\ScriptAssemblies\UnityEditor.UI.dll
Symbol file LoadedFromMemory is not a mono symbol file
Symbol file data-000001E376B3F010 doesn't match image C:\Users\USER\Desktop\unity\ToyProject\ToyProject\Library\ScriptAssemblies\Unity.VisualScripting.Core.Editor.dll
Symbol file LoadedFromMemory is not a mono symbol file
Symbol file data-000001E3767C0C60 doesn't match image C:\Users\USER\Desktop\unity\ToyProject\ToyProject\Library\ScriptAssemblies\Unity.Rider.Editor.dll
Symbol file LoadedFromMemory is not a mono symbol file
Symbol file data-000001E33150CE40 doesn't match image C:\Users\USER\Desktop\unity\ToyProject\ToyProject\Library\ScriptAssemblies\Unity.VisualScripting.State.dll
Symbol file LoadedFromMemory is not a mono symbol file
Symbol file data-000001E376EC1260 doesn't match image C:\Users\USER\Desktop\unity\ToyProject\ToyProject\Library\ScriptAssemblies\Unity.VSCode.Editor.dll
Symbol file LoadedFromMemory is not a mono symbol file
Symbol file data-000001E376B82430 doesn't match image C:\Users\USER\Desktop\unity\ToyProject\ToyProject\Library\ScriptAssemblies\UnityEditor.TestRunner.dll
Symbol file LoadedFromMemory is not a mono symbol file
Symbol file data-000001E376B82430 doesn't match image C:\Users\USER\Desktop\unity\ToyProject\ToyProject\Library\ScriptAssemblies\Unity.VisualScripting.Flow.dll
Symbol file LoadedFromMemory is not a mono symbol file
Symbol file data-000001E377208230 doesn't match image C:\Users\USER\Desktop\unity\ToyProject\ToyProject\Library\ScriptAssemblies\Unity.VisualScripting.Flow.Editor.dll
Symbol file LoadedFromMemory is not a mono symbol file
- Loaded All Assemblies, in  0.694 seconds
Refreshing native plugins compatible for Editor in 9.18 ms, found 3 plugins.
Native extension for WindowsStandalone target not found
Native extension for Android target not found
Native extension for WebGL target not found
Package Manager log level set to [2]
[Package Manager] Server::EnsureServerProcessIsRunning -- launch failed, reason: Unity was launched with the -noUpm command-line argument
[Package Manager] UpmClient::Send -- Unable to send message (not connected to UPM process).
[Package Manager] Cannot connect to Unity Package Manager local server
Mono: successfully reloaded assembly
- Finished resetting the current domain, in  0.525 seconds
Domain Reload Profiling: 1209ms
	BeginReloadAssembly (161ms)
		ExecutionOrderSort (0ms)
		DisableScriptedObjects (4ms)
		BackupInstance (0ms)
		ReleaseScriptingObjects (0ms)
		CreateAndSetChildDomain (18ms)
	RebuildCommonClasses (32ms)
	RebuildNativeTypeToScriptingClass (9ms)
	initialDomainReloadingComplete (55ms)
	LoadAllAssembliesAndSetupDomain (426ms)
		LoadAssemblies (393ms)
		RebuildTransferFunctionScriptingTraits (0ms)
		AnalyzeDomain (143ms)
			TypeCache.Refresh (129ms)
				TypeCache.ScanAssembly (116ms)
			ScanForSourceGeneratedMonoScriptInfo (10ms)
			ResolveRequiredComponents (3ms)
	FinalizeReload (526ms)
		ReleaseScriptCaches (0ms)
		RebuildScriptCaches (0ms)
		SetupLoadedEditorAssemblies (409ms)
			LogAssemblyErrors (0ms)
			InitializePlatformSupportModulesInManaged (32ms)
			SetLoadedEditorAssemblies (3ms)
			RefreshPlugins (0ms)
			BeforeProcessingInitializeOnLoad (72ms)
			ProcessInitializeOnLoadAttributes (266ms)
			ProcessInitializeOnLoadMethodAttributes (15ms)
			AfterProcessingInitializeOnLoad (21ms)
			EditorAssembliesLoaded (0ms)
		ExecutionOrderSort2 (0ms)
		AwakeInstancesAfterBackupRestoration (12ms)
Launched and connected shader compiler UnityShaderCompiler.exe after 0.05 seconds
Refreshing native plugins compatible for Editor in 8.50 ms, found 3 plugins.
Preloading 0 native plugins for Editor in 0.00 ms.
Unloading 3092 Unused Serialized files (Serialized files now loaded: 0)
Unloading 32 unused Assets / (56.8 KB). Loaded Objects now: 3556.
Memory consumption went from 127.4 MB to 127.4 MB.
Total: 2.458400 ms (FindLiveObjects: 0.270400 ms CreateObjectMapping: 0.173500 ms MarkObjects: 1.931500 ms  DeleteObjects: 0.082200 ms)

AssetImportParameters requested are different than current active one (requested -> active):
  custom:container-demuxer-ogg: 62fdf1f143b41e24485cea50d1cbac27 -> 
  custom:video-decoder-ogg-theora: a1e56fd34408186e4bbccfd4996cb3dc -> 
  custom:framework-win-MediaFoundation: 216162199b28c13a410421893ffa2e32 -> 
  custom:CustomObjectIndexerAttribute: 756ad292c208cfabdd7b50bc23989ffe -> 
  custom:container-demuxer-webm: 4f35f7cbe854078d1ac9338744f61a02 -> 
  custom:container-muxer-webm: aa71ff27fc2769a1b78a27578f13a17b -> 
  custom:video-decoder-webm-vp8: 9c59270c3fd7afecdb556c50c9e8de78 -> 
  custom:SearchIndexIgnoredProperties: e643bd26f0fe6173181afceb89e7c659 -> 
  custom:AudioImporter_EditorPlatform: d09bf68614088b80899f8185d706f6e7 -> 
  custom:video-encoder-webm-vp8: eb34c28f22e8b96e1ab97ce403110664 -> 
  custom:audio-decoder-ogg-vorbis: bf7c407c2cedff20999df2af8eb42d56 -> 
  custom:audio-encoder-webm-vorbis: bf7c407c2cedff20999df2af8eb42d56 -> 
========================================================================
Received Import Request.
  Time since last request: 832417.735978 seconds.
  path: Assets/Model
  artifactKey: Guid(0ea907f650bc7684a895a16fe7d128fc) Importer(815301076,1909f56bfc062723c751e8b465ee728b)
Start importing Assets/Model using Guid(0ea907f650bc7684a895a16fe7d128fc) Importer(815301076,1909f56bfc062723c751e8b465ee728b)  -> (artifact id: '1e6ad3dd58b15baf9fe8d7705d18b1f2') in 0.002387 seconds
Number of updated asset objects reloaded before import = 0
Number of asset objects unloaded after import = 0
========================================================================
Received Import Request.
  Time since last request: 4.850060 seconds.
  path: Assets/Materials
  artifactKey: Guid(ab8f3960d94e08c448159b3e93d610df) Importer(815301076,1909f56bfc062723c751e8b465ee728b)
Start importing Assets/Materials using Guid(ab8f3960d94e08c448159b3e93d610df) Importer(815301076,1909f56bfc062723c751e8b465ee728b)  -> (artifact id: '1cd7e3eb1f390c610bb1119ce0c8052e') in 0.000522 seconds
Number of updated asset objects reloaded before import = 0
Number of asset objects unloaded after import = 0
========================================================================
Received Import Request.
  Time since last request: 9.010305 seconds.
  path: Assets/Base Color
  artifactKey: Guid(3547eb64d2cf8b947bed01af65fa5ec9) Importer(815301076,1909f56bfc062723c751e8b465ee728b)
Start importing Assets/Base Color using Guid(3547eb64d2cf8b947bed01af65fa5ec9) Importer(815301076,1909f56bfc062723c751e8b465ee728b)  -> (artifact id: '17c3a801537f71e7f018c495b80dba36') in 0.000513 seconds
Number of updated asset objects reloaded before import = 0
Number of asset objects unloaded after import = 0
========================================================================
Received Import Request.
  Time since last request: 22.603996 seconds.
  path: Assets/Model/kit
  artifactKey: Guid(53404d0207c64b74f9eb6054390cbd40) Importer(815301076,1909f56bfc062723c751e8b465ee728b)
Start importing Assets/Model/kit using Guid(53404d0207c64b74f9eb6054390cbd40) Importer(815301076,1909f56bfc062723c751e8b465ee728b)  -> (artifact id: 'cd8efd464cba2bd8b9a1c07bd937a0c8') in 0.000606 seconds
Number of updated asset objects reloaded before import = 0
Number of asset objects unloaded after import = 0
========================================================================
Received Import Request.
  Time since last request: 0.048589 seconds.
  path: Assets/Model/kit/Preview.png
  artifactKey: Guid(f5e53507a2e0c954099a3cd187723476) Importer(815301076,1909f56bfc062723c751e8b465ee728b)
Start importing Assets/Model/kit/Preview.png using Guid(f5e53507a2e0c954099a3cd187723476) Importer(815301076,1909f56bfc062723c751e8b465ee728b)  -> (artifact id: 'e5aa20b23ec8be712f5f0540cdd87d16') in 0.076608 seconds
Number of updated asset objects reloaded before import = 0
Number of asset objects unloaded after import = 2
========================================================================
Received Import Request.
  Time since last request: 0.000016 seconds.
  path: Assets/Model/kit/Preview (Variation B).png
  artifactKey: Guid(e0af7bfeac1863b4c8e5f9cc795d9fe4) Importer(815301076,1909f56bfc062723c751e8b465ee728b)
Start importing Assets/Model/kit/Preview (Variation B).png using Guid(e0af7bfeac1863b4c8e5f9cc795d9fe4) Importer(815301076,1909f56bfc062723c751e8b465ee728b)  -> (artifact id: 'b311cac88b47ee255b5565e75daa15a0') in 0.038326 seconds
Number of updated asset objects reloaded before import = 0
Number of asset objects unloaded after import = 2
========================================================================
Received Import Request.
  Time since last request: 1.268777 seconds.
  path: Assets/Model/kit/License.txt
  artifactKey: Guid(5cfdae43bccf9034a8f935c1a4c9e82f) Importer(815301076,1909f56bfc062723c751e8b465ee728b)
Start importing Assets/Model/kit/License.txt using Guid(5cfdae43bccf9034a8f935c1a4c9e82f) Importer(815301076,1909f56bfc062723c751e8b465ee728b)  -> (artifact id: '548c4a88177bbcb436186a57dfe724ec') in 0.001401 seconds
Number of updated asset objects reloaded before import = 0
Number of asset objects unloaded after import = 1
========================================================================
Received Import Request.
  Time since last request: 2.891178 seconds.
  path: Assets/Model/kit/Models
  artifactKey: Guid(5a50ef4163dbbe940948266e24d7b232) Importer(815301076,1909f56bfc062723c751e8b465ee728b)
Start importing Assets/Model/kit/Models using Guid(5a50ef4163dbbe940948266e24d7b232) Importer(815301076,1909f56bfc062723c751e8b465ee728b)  -> (artifact id: '75d8c1e63b733c5ca43ace8bf62387f9') in 0.000445 seconds
Number of updated asset objects reloaded before import = 0
Number of asset objects unloaded after import = 0
========================================================================
Received Import Request.
  Time since last request: 0.807966 seconds.
  path: Assets/Model/kit/Models/GLB format
  artifactKey: Guid(cd99943f82a90ff41a17f283e9519364) Importer(815301076,1909f56bfc062723c751e8b465ee728b)
Start importing Assets/Model/kit/Models/GLB format using Guid(cd99943f82a90ff41a17f283e9519364) Importer(815301076,1909f56bfc062723c751e8b465ee728b)  -> (artifact id: '856ace3b214066285b75b5647b62d3ee') in 0.000525 seconds
Number of updated asset objects reloaded before import = 0
Number of asset objects unloaded after import = 0
========================================================================
Received Import Request.
  Time since last request: 0.455981 seconds.
  path: Assets/Model/kit/Models/Textures
  artifactKey: Guid(980c58e9b97ed37458e925aeafa69289) Importer(815301076,1909f56bfc062723c751e8b465ee728b)
Start importing Assets/Model/kit/Models/Textures using Guid(980c58e9b97ed37458e925aeafa69289) Importer(815301076,1909f56bfc062723c751e8b465ee728b)  -> (artifact id: '5df24748b5c18d3321322246bcfffa17') in 0.000574 seconds
Number of updated asset objects reloaded before import = 0
Number of asset objects unloaded after import = 0
========================================================================
Received Import Request.
  Time since last request: 3.765695 seconds.
  path: Assets/Model/kit/Previews/animal-bison.png
  artifactKey: Guid(d22060bffc62324419fe11730eb442fd) Importer(815301076,1909f56bfc062723c751e8b465ee728b)
Start importing Assets/Model/kit/Previews/animal-bison.png using Guid(d22060bffc62324419fe11730eb442fd) Importer(815301076,1909f56bfc062723c751e8b465ee728b)  -> (artifact id: 'd464c5cd3fbc53c4bea17ba9fedfe4ed') in 0.027154 seconds
Number of updated asset objects reloaded before import = 0
Number of asset objects unloaded after import = 2
========================================================================
Received Import Request.
  Time since last request: 0.007932 seconds.
  path: Assets/Model/kit/Previews/button-floor-round-small.png
  artifactKey: Guid(8bdc5925df9b35c49986c3b1202b4ad0) Importer(815301076,1909f56bfc062723c751e8b465ee728b)
Start importing Assets/Model/kit/Previews/button-floor-round-small.png using Guid(8bdc5925df9b35c49986c3b1202b4ad0) Importer(815301076,1909f56bfc062723c751e8b465ee728b)  -> (artifact id: 'bd4ef9fbd766f9ff4a4cf9765dddaa99') in 0.027455 seconds
Number of updated asset objects reloaded before import = 0
Number of asset objects unloaded after import = 2
========================================================================
Received Import Request.
  Time since last request: 0.000014 seconds.
  path: Assets/Model/kit/Previews/door-sliding-double-round.png
  artifactKey: Guid(866647541ef665949bfbc0b1b4bd6367) Importer(815301076,1909f56bfc062723c751e8b465ee728b)
Start importing Assets/Model/kit/Previews/door-sliding-double-round.png using Guid(866647541ef665949bfbc0b1b4bd6367) Importer(815301076,1909f56bfc062723c751e8b465ee728b)  -> (artifact id: '72c3f85eacd3c0ee65e94728b33ff8ba') in 0.027194 seconds
Number of updated asset objects reloaded before import = 0
Number of asset objects unloaded after import = 2
========================================================================
Received Import Request.
  Time since last request: 0.000014 seconds.
  path: Assets/Model/kit/Previews/crate.png
  artifactKey: Guid(e37afd370870ed94bb39927c4635f730) Importer(815301076,1909f56bfc062723c751e8b465ee728b)
Start importing Assets/Model/kit/Previews/crate.png using Guid(e37afd370870ed94bb39927c4635f730) Importer(815301076,1909f56bfc062723c751e8b465ee728b)  -> (artifact id: 'ed3b3b165a7b841ede06136c2878006c') in 0.027204 seconds
Number of updated asset objects reloaded before import = 0
Number of asset objects unloaded after import = 2
========================================================================
Received Import Request.
  Time since last request: 0.000019 seconds.
  path: Assets/Model/kit/Previews/number-0.png
  artifactKey: Guid(875d78b54603dd24eaeb04149a0a3650) Importer(815301076,1909f56bfc062723c751e8b465ee728b)
Start importing Assets/Model/kit/Previews/number-0.png using Guid(875d78b54603dd24eaeb04149a0a3650) Importer(815301076,1909f56bfc062723c751e8b465ee728b)  -> (artifact id: 'adfd625a2e699e291511e394f1b2e6b1') in 0.029476 seconds
Number of updated asset objects reloaded before import = 0
Number of asset objects unloaded after import = 2
========================================================================
Received Import Request.
  Time since last request: 0.000015 seconds.
  path: Assets/Model/kit/Previews/door-rotate.png
  artifactKey: Guid(16c6efdef93192e48b86db53d8b67d28) Importer(815301076,1909f56bfc062723c751e8b465ee728b)
Start importing Assets/Model/kit/Previews/door-rotate.png using Guid(16c6efdef93192e48b86db53d8b67d28) Importer(815301076,1909f56bfc062723c751e8b465ee728b)  -> (artifact id: 'fac8f7534ce9961cb1261db497dbcc87') in 0.028939 seconds
Number of updated asset objects reloaded before import = 0
Number of asset objects unloaded after import = 2
========================================================================
Received Import Request.
  Time since last request: 0.000014 seconds.
  path: Assets/Model/kit/Previews/indicator-square-f.png
  artifactKey: Guid(509cac1ed2ff56f43ab031b202595537) Importer(815301076,1909f56bfc062723c751e8b465ee728b)
Start importing Assets/Model/kit/Previews/indicator-square-f.png using Guid(509cac1ed2ff56f43ab031b202595537) Importer(815301076,1909f56bfc062723c751e8b465ee728b)  -> (artifact id: 'df6e4b0234e9f82217f39aae61620da1') in 0.024212 seconds
Number of updated asset objects reloaded before import = 0
Number of asset objects unloaded after import = 2
========================================================================
Received Import Request.
  Time since last request: 0.000011 seconds.
  path: Assets/Model/kit/Previews/lever-double.png
  artifactKey: Guid(1d5d9b4b47f18d545b447a09c1844a55) Importer(815301076,1909f56bfc062723c751e8b465ee728b)
Start importing Assets/Model/kit/Previews/lever-double.png using Guid(1d5d9b4b47f18d545b447a09c1844a55) Importer(815301076,1909f56bfc062723c751e8b465ee728b)  -> (artifact id: '8f5e251d57fd3486df855c9ba5609d64') in 0.026077 seconds
Number of updated asset objects reloaded before import = 0
Number of asset objects unloaded after import = 2
========================================================================
Received Import Request.
  Time since last request: 0.000014 seconds.
  path: Assets/Model/kit/Previews/indicator-special-area.png
  artifactKey: Guid(7dba49a9b51c54943ab3a5459ddd5dfa) Importer(815301076,1909f56bfc062723c751e8b465ee728b)
Start importing Assets/Model/kit/Previews/indicator-special-area.png using Guid(7dba49a9b51c54943ab3a5459ddd5dfa) Importer(815301076,1909f56bfc062723c751e8b465ee728b)  -> (artifact id: '27d9a099c08fb5bc39edf8829d4dd5b9') in 0.029152 seconds
Number of updated asset objects reloaded before import = 0
Number of asset objects unloaded after import = 2
========================================================================
Received Import Request.
  Time since last request: 0.000014 seconds.
  path: Assets/Model/kit/Previews/ladder.png
  artifactKey: Guid(39b9e585c6e24f64fb12dbc0fb550ace) Importer(815301076,1909f56bfc062723c751e8b465ee728b)
Start importing Assets/Model/kit/Previews/ladder.png using Guid(39b9e585c6e24f64fb12dbc0fb550ace) Importer(815301076,1909f56bfc062723c751e8b465ee728b)  -> (artifact id: 'd256955816b58c27b4dd93ae4f3f7ec5') in 0.027637 seconds
Number of updated asset objects reloaded before import = 0
Number of asset objects unloaded after import = 2
========================================================================
Received Import Request.
  Time since last request: 0.000014 seconds.
  path: Assets/Model/kit/Previews/floor-thick.png
  artifactKey: Guid(f2878e1f15c4e4848888d866e4466119) Importer(815301076,1909f56bfc062723c751e8b465ee728b)
Start importing Assets/Model/kit/Previews/floor-thick.png using Guid(f2878e1f15c4e4848888d866e4466119) Importer(815301076,1909f56bfc062723c751e8b465ee728b)  -> (artifact id: '7b75aac74768636081cc28db5c1f3018') in 0.029570 seconds
Number of updated asset objects reloaded before import = 0
Number of asset objects unloaded after import = 2
========================================================================
Received Import Request.
  Time since last request: 0.000018 seconds.
  path: Assets/Model/kit/Previews/ladder-top.png
  artifactKey: Guid(884195bcae875e347a4f426974c314d2) Importer(815301076,1909f56bfc062723c751e8b465ee728b)
Start importing Assets/Model/kit/Previews/ladder-top.png using Guid(884195bcae875e347a4f426974c314d2) Importer(815301076,1909f56bfc062723c751e8b465ee728b)  -> (artifact id: '23639be4789dbdf382e65deb5f463fc4') in 0.028931 seconds
Number of updated asset objects reloaded before import = 0
Number of asset objects unloaded after import = 2
========================================================================
Received Import Request.
  Time since last request: 0.000013 seconds.
  path: Assets/Model/kit/Previews/indicator-round-d.png
  artifactKey: Guid(afed0a1c7cdd69944ac7d3ce380acb99) Importer(815301076,1909f56bfc062723c751e8b465ee728b)
Start importing Assets/Model/kit/Previews/indicator-round-d.png using Guid(afed0a1c7cdd69944ac7d3ce380acb99) Importer(815301076,1909f56bfc062723c751e8b465ee728b)  -> (artifact id: 'ed9a0969f9ee8cdeaa7f9b0320200d33') in 0.030071 seconds
Number of updated asset objects reloaded before import = 0
Number of asset objects unloaded after import = 2
========================================================================
Received Import Request.
  Time since last request: 0.000018 seconds.
  path: Assets/Model/kit/Previews/hat-cap.png
  artifactKey: Guid(1711387a1aa9bf546b53920a81ca456d) Importer(815301076,1909f56bfc062723c751e8b465ee728b)
Start importing Assets/Model/kit/Previews/hat-cap.png using Guid(1711387a1aa9bf546b53920a81ca456d) Importer(815301076,1909f56bfc062723c751e8b465ee728b)  -> (artifact id: '5f16279b458e069b0aa4a8b9f4f1093d') in 0.029329 seconds
Number of updated asset objects reloaded before import = 0
Number of asset objects unloaded after import = 2
========================================================================
Received Import Request.
  Time since last request: 0.000088 seconds.
  path: Assets/Model/kit/Previews/coin.png
  artifactKey: Guid(df24dd1cd028f414e949aa15280b3a52) Importer(815301076,1909f56bfc062723c751e8b465ee728b)
Start importing Assets/Model/kit/Previews/coin.png using Guid(df24dd1cd028f414e949aa15280b3a52) Importer(815301076,1909f56bfc062723c751e8b465ee728b)  -> (artifact id: '85c54469f5f702486a64fbc2d170aba1') in 0.026278 seconds
Number of updated asset objects reloaded before import = 0
Number of asset objects unloaded after import = 2
========================================================================
Received Import Request.
  Time since last request: 0.000010 seconds.
  path: Assets/Model/kit/Previews/indicator-round-e.png
  artifactKey: Guid(d5c55afa85290a74f88139359a77d2db) Importer(815301076,1909f56bfc062723c751e8b465ee728b)
Start importing Assets/Model/kit/Previews/indicator-round-e.png using Guid(d5c55afa85290a74f88139359a77d2db) Importer(815301076,1909f56bfc062723c751e8b465ee728b)  -> (artifact id: '8f594d14d2d158f646075d883867a5f2') in 0.028097 seconds
Number of updated asset objects reloaded before import = 0
Number of asset objects unloaded after import = 2
========================================================================
Received Import Request.
  Time since last request: 0.000012 seconds.
  path: Assets/Model/kit/Previews/lever-single.png
  artifactKey: Guid(ea371830bcc1a274489ccb6944f61a75) Importer(815301076,1909f56bfc062723c751e8b465ee728b)
Start importing Assets/Model/kit/Previews/lever-single.png using Guid(ea371830bcc1a274489ccb6944f61a75) Importer(815301076,1909f56bfc062723c751e8b465ee728b)  -> (artifact id: '97cbf3705759e7bc0d2fff63153d2843') in 0.028857 seconds
Number of updated asset objects reloaded before import = 0
Number of asset objects unloaded after import = 2
========================================================================
Received Import Request.
  Time since last request: 0.000012 seconds.
  path: Assets/Model/kit/Previews/indicator-square-c.png
  artifactKey: Guid(9438cf1e9989ee54a995b2ef41f035ec) Importer(815301076,1909f56bfc062723c751e8b465ee728b)
Start importing Assets/Model/kit/Previews/indicator-square-c.png using Guid(9438cf1e9989ee54a995b2ef41f035ec) Importer(815301076,1909f56bfc062723c751e8b465ee728b)  -> (artifact id: 'c29594ed706cc0946cfb92e027a506f3') in 0.031647 seconds
Number of updated asset objects reloaded before import = 0
Number of asset objects unloaded after import = 2
========================================================================
Received Import Request.
  Time since last request: 0.000011 seconds.
  path: Assets/Model/kit/Previews/door-sliding.png
  artifactKey: Guid(7b46305d7c6f8e14fad48c3c78e05482) Importer(815301076,1909f56bfc062723c751e8b465ee728b)
Start importing Assets/Model/kit/Previews/door-sliding.png using Guid(7b46305d7c6f8e14fad48c3c78e05482) Importer(815301076,1909f56bfc062723c751e8b465ee728b)  -> (artifact id: '13fc4ca82214259e40622e15acb89836') in 0.024611 seconds
Number of updated asset objects reloaded before import = 0
Number of asset objects unloaded after import = 2
========================================================================
Received Import Request.
  Time since last request: 0.000016 seconds.
  path: Assets/Model/kit/Previews/column-triangle.png
  artifactKey: Guid(c4c3901941e59474a874fdddd5d72ae5) Importer(815301076,1909f56bfc062723c751e8b465ee728b)
Start importing Assets/Model/kit/Previews/column-triangle.png using Guid(c4c3901941e59474a874fdddd5d72ae5) Importer(815301076,1909f56bfc062723c751e8b465ee728b)  -> (artifact id: '1a76b81a458efe287518591cf5ffaf1b') in 0.024251 seconds
Number of updated asset objects reloaded before import = 0
Number of asset objects unloaded after import = 2
========================================================================
Received Import Request.
  Time since last request: 0.000012 seconds.
  path: Assets/Model/kit/Previews/floor-thick-corner-rounded.png
  artifactKey: Guid(d784bf83dfd4a454cab31d5c3a004352) Importer(815301076,1909f56bfc062723c751e8b465ee728b)
Start importing Assets/Model/kit/Previews/floor-thick-corner-rounded.png using Guid(d784bf83dfd4a454cab31d5c3a004352) Importer(815301076,1909f56bfc062723c751e8b465ee728b)  -> (artifact id: '9e170c27d0946f1820046b5d05566b1e') in 0.026225 seconds
Number of updated asset objects reloaded before import = 0
Number of asset objects unloaded after import = 2
========================================================================
Received Import Request.
  Time since last request: 0.000018 seconds.
  path: Assets/Model/kit/Previews/number-1.png
  artifactKey: Guid(dba3cb987a5ebab4fb4f504bdc44a889) Importer(815301076,1909f56bfc062723c751e8b465ee728b)
Start importing Assets/Model/kit/Previews/number-1.png using Guid(dba3cb987a5ebab4fb4f504bdc44a889) Importer(815301076,1909f56bfc062723c751e8b465ee728b)  -> (artifact id: 'c4f8ad9431811b77f36df37e25e6e2d2') in 0.026369 seconds
Number of updated asset objects reloaded before import = 0
Number of asset objects unloaded after import = 2
========================================================================
Received Import Request.
  Time since last request: 0.000028 seconds.
  path: Assets/Model/kit/Previews/floor-small-diagonal.png
  artifactKey: Guid(79bb22d424dd1eb429137c0e2dd19904) Importer(815301076,1909f56bfc062723c751e8b465ee728b)
Start importing Assets/Model/kit/Previews/floor-small-diagonal.png using Guid(79bb22d424dd1eb429137c0e2dd19904) Importer(815301076,1909f56bfc062723c751e8b465ee728b)  -> (artifact id: '364decc5fd74bd567b6dba7fbcc05a06') in 0.025260 seconds
Number of updated asset objects reloaded before import = 0
Number of asset objects unloaded after import = 2
========================================================================
Received Import Request.
  Time since last request: 0.000012 seconds.
  path: Assets/Model/kit/Previews/floor-square.png
  artifactKey: Guid(72fcb27abc37acc4d9d792a57a5ac254) Importer(815301076,1909f56bfc062723c751e8b465ee728b)
Start importing Assets/Model/kit/Previews/floor-square.png using Guid(72fcb27abc37acc4d9d792a57a5ac254) Importer(815301076,1909f56bfc062723c751e8b465ee728b)  -> (artifact id: '4837468dd5633026de94c6215a8b7689') in 0.025086 seconds
Number of updated asset objects reloaded before import = 0
Number of asset objects unloaded after import = 2
========================================================================
Received Import Request.
  Time since last request: 0.000015 seconds.
  path: Assets/Model/kit/Previews/door-sliding-double.png
  artifactKey: Guid(b134d486f9b5a2c4792dee7026a9689d) Importer(815301076,1909f56bfc062723c751e8b465ee728b)
Start importing Assets/Model/kit/Previews/door-sliding-double.png using Guid(b134d486f9b5a2c4792dee7026a9689d) Importer(815301076,1909f56bfc062723c751e8b465ee728b)  -> (artifact id: 'fbdd1c70af9b863f4ed6c7be27448f24') in 0.024755 seconds
Number of updated asset objects reloaded before import = 0
Number of asset objects unloaded after import = 2
========================================================================
Received Import Request.
  Time since last request: 0.000014 seconds.
  path: Assets/Model/kit/Previews/indicator-round-c.png
  artifactKey: Guid(dd0c0230524edb844848ad68ef333fcc) Importer(815301076,1909f56bfc062723c751e8b465ee728b)
Start importing Assets/Model/kit/Previews/indicator-round-c.png using Guid(dd0c0230524edb844848ad68ef333fcc) Importer(815301076,1909f56bfc062723c751e8b465ee728b)  -> (artifact id: '7f0850c8b6af3e8cd0521c49fbf62bf3') in 0.026908 seconds
Number of updated asset objects reloaded before import = 0
Number of asset objects unloaded after import = 2
========================================================================
Received Import Request.
  Time since last request: 0.000011 seconds.
  path: Assets/Model/kit/Previews/door-sliding-double-wide.png
  artifactKey: Guid(7c4deac8d45b97b41a1b7a886414dc2c) Importer(815301076,1909f56bfc062723c751e8b465ee728b)
Start importing Assets/Model/kit/Previews/door-sliding-double-wide.png using Guid(7c4deac8d45b97b41a1b7a886414dc2c) Importer(815301076,1909f56bfc062723c751e8b465ee728b)  -> (artifact id: '634eed2d4270a9209c37db355994b20f') in 0.025323 seconds
Number of updated asset objects reloaded before import = 0
Number of asset objects unloaded after import = 2
========================================================================
Received Import Request.
  Time since last request: 0.000017 seconds.
  path: Assets/Model/kit/Previews/figurine-cube.png
  artifactKey: Guid(b77a1068b6d193541aadca0d8d79f23d) Importer(815301076,1909f56bfc062723c751e8b465ee728b)
Start importing Assets/Model/kit/Previews/figurine-cube.png using Guid(b77a1068b6d193541aadca0d8d79f23d) Importer(815301076,1909f56bfc062723c751e8b465ee728b)  -> (artifact id: '8204ba7206e1aa2b6c2519f60e74dbab') in 0.026014 seconds
Number of updated asset objects reloaded before import = 0
Number of asset objects unloaded after import = 2
========================================================================
Received Import Request.
  Time since last request: 0.000023 seconds.
  path: Assets/Model/kit/Previews/figurine.png
  artifactKey: Guid(6bc04579bf41e66428d0d9ece804284c) Importer(815301076,1909f56bfc062723c751e8b465ee728b)
Start importing Assets/Model/kit/Previews/figurine.png using Guid(6bc04579bf41e66428d0d9ece804284c) Importer(815301076,1909f56bfc062723c751e8b465ee728b)  -> (artifact id: 'c341f429d846dcf318aa7db8d05fb3ce') in 0.024772 seconds
Number of updated asset objects reloaded before import = 0
Number of asset objects unloaded after import = 2
========================================================================
Received Import Request.
  Time since last request: 0.000014 seconds.
  path: Assets/Model/kit/Previews/column-rounded-low.png
  artifactKey: Guid(46dd4a3b1b5d5394ab7bbf3010609197) Importer(815301076,1909f56bfc062723c751e8b465ee728b)
Start importing Assets/Model/kit/Previews/column-rounded-low.png using Guid(46dd4a3b1b5d5394ab7bbf3010609197) Importer(815301076,1909f56bfc062723c751e8b465ee728b)  -> (artifact id: 'a97bf965dd5232a4e3bd2f8d58141099') in 0.025076 seconds
Number of updated asset objects reloaded before import = 0
Number of asset objects unloaded after import = 2
========================================================================
Received Import Request.
  Time since last request: 52.518919 seconds.
  path: Assets/Materials/textures/Sample.png
  artifactKey: Guid(36ba7f7721b111c49a77718ebb92a2a5) Importer(815301076,1909f56bfc062723c751e8b465ee728b)
Start importing Assets/Materials/textures/Sample.png using Guid(36ba7f7721b111c49a77718ebb92a2a5) Importer(815301076,1909f56bfc062723c751e8b465ee728b)  -> (artifact id: 'f8c6ec6080d983cc384601c50f503842') in 0.031814 seconds
Number of updated asset objects reloaded before import = 0
Number of asset objects unloaded after import = 2
========================================================================
Received Prepare
Begin MonoManager ReloadAssembly
Symbol file data-000001E3317A4030 doesn't match image C:\Users\USER\Desktop\unity\ToyProject\ToyProject\Library\ScriptAssemblies\Unity.EditorCoroutines.Editor.dll
Symbol file LoadedFromMemory is not a mono symbol file
Symbol file data-000001E331660C00 doesn't match image C:\Users\USER\Desktop\unity\ToyProject\ToyProject\Library\ScriptAssemblies\Unity.PlasticSCM.Editor.dll
Symbol file LoadedFromMemory is not a mono symbol file
Symbol file data-000001E3759A1010 doesn't match image C:\Users\USER\Desktop\unity\ToyProject\ToyProject\Library\ScriptAssemblies\Unity.Timeline.Editor.dll
Symbol file LoadedFromMemory is not a mono symbol file
Symbol file data-000001E3317A9300 doesn't match image C:\Users\USER\Desktop\unity\ToyProject\ToyProject\Library\ScriptAssemblies\Unity.VisualScripting.Shared.Editor.dll
Symbol file LoadedFromMemory is not a mono symbol file
Symbol file data-000001E1C21FB240 doesn't match image C:\Users\USER\Desktop\unity\ToyProject\ToyProject\Library\ScriptAssemblies\Unity.CollabProxy.Editor.dll
Symbol file LoadedFromMemory is not a mono symbol file
Symbol file data-000001E375657010 doesn't match image C:\Users\USER\Desktop\unity\ToyProject\ToyProject\Library\ScriptAssemblies\Unity.VisualStudio.Editor.dll
Symbol file LoadedFromMemory is not a mono symbol file
Symbol file data-000001E375657010 doesn't match image C:\Users\USER\Desktop\unity\ToyProject\ToyProject\Library\ScriptAssemblies\UnityEditor.UI.dll
Symbol file LoadedFromMemory is not a mono symbol file
Symbol file data-000001E1C0000080 doesn't match image C:\Users\USER\Desktop\unity\ToyProject\ToyProject\Library\ScriptAssemblies\Unity.VisualScripting.Core.dll
Symbol file LoadedFromMemory is not a mono symbol file
Symbol file data-000001E377E4B010 doesn't match image C:\Users\USER\Desktop\unity\ToyProject\ToyProject\Library\ScriptAssemblies\UnityEngine.UI.dll
Symbol file LoadedFromMemory is not a mono symbol file
Symbol file data-000001E1C0A13010 doesn't match image C:\Users\USER\Desktop\unity\ToyProject\ToyProject\Library\ScriptAssemblies\Unity.VisualScripting.Core.Editor.dll
Symbol file LoadedFromMemory is not a mono symbol file
Symbol file data-000001E375657010 doesn't match image C:\Users\USER\Desktop\unity\ToyProject\ToyProject\Library\ScriptAssemblies\Unity.Rider.Editor.dll
Symbol file LoadedFromMemory is not a mono symbol file
Symbol file data-000001E376DC1E30 doesn't match image C:\Users\USER\Desktop\unity\ToyProject\ToyProject\Library\ScriptAssemblies\UnityEditor.TestRunner.dll
Symbol file LoadedFromMemory is not a mono symbol file
Symbol file data-000001E1C0000080 doesn't match image C:\Users\USER\Desktop\unity\ToyProject\ToyProject\Library\ScriptAssemblies\Unity.VisualScripting.Flow.dll
Symbol file LoadedFromMemory is not a mono symbol file
Symbol file data-000001E376DC1E30 doesn't match image C:\Users\USER\Desktop\unity\ToyProject\ToyProject\Library\ScriptAssemblies\Unity.VisualScripting.Flow.Editor.dll
Symbol file LoadedFromMemory is not a mono symbol file
Symbol file data-000001E37507D800 doesn't match image C:\Users\USER\Desktop\unity\ToyProject\ToyProject\Library\ScriptAssemblies\Unity.Timeline.dll
Symbol file LoadedFromMemory is not a mono symbol file
Symbol file data-000001E37565CFA0 doesn't match image C:\Users\USER\Desktop\unity\ToyProject\ToyProject\Library\ScriptAssemblies\Unity.TestTools.CodeCoverage.Editor.OpenCover.Mono.Reflection.dll
Symbol file LoadedFromMemory is not a mono symbol file
Symbol file data-000001E37565CFA0 doesn't match image C:\Users\USER\Desktop\unity\ToyProject\ToyProject\Library\ScriptAssemblies\Unity.VisualScripting.SettingsProvider.Editor.dll
Symbol file LoadedFromMemory is not a mono symbol file
Symbol file data-000001E1C0023E90 doesn't match image C:\Users\USER\Desktop\unity\ToyProject\ToyProject\Library\ScriptAssemblies\Unity.Performance.Profile-Analyzer.Editor.dll
Symbol file LoadedFromMemory is not a mono symbol file
Symbol file data-000001E376512010 doesn't match image C:\Users\USER\Desktop\unity\ToyProject\ToyProject\Library\ScriptAssemblies\Unity.TestTools.CodeCoverage.Editor.dll
Symbol file LoadedFromMemory is not a mono symbol file
Symbol file data-000001E376CA6280 doesn't match image C:\Users\USER\Desktop\unity\ToyProject\ToyProject\Library\ScriptAssemblies\Unity.TestTools.CodeCoverage.Editor.OpenCover.Model.dll
Symbol file LoadedFromMemory is not a mono symbol file
Symbol file data-000001E37568F680 doesn't match image C:\Users\USER\Desktop\unity\ToyProject\ToyProject\Library\ScriptAssemblies\UnityEngine.TestRunner.dll
Symbol file LoadedFromMemory is not a mono symbol file
Symbol file data-000001E376A36700 doesn't match image C:\Users\USER\Desktop\unity\ToyProject\ToyProject\Library\ScriptAssemblies\Unity.VisualScripting.State.Editor.dll
Symbol file LoadedFromMemory is not a mono symbol file
Symbol file data-000001E37651A5B0 doesn't match image C:\Users\USER\Desktop\unity\ToyProject\ToyProject\Library\ScriptAssemblies\Unity.Settings.Editor.dll
Symbol file LoadedFromMemory is not a mono symbol file
Symbol file data-000001E1C03E4020 doesn't match image C:\Users\USER\Desktop\unity\ToyProject\ToyProject\Library\ScriptAssemblies\Unity.TextMeshPro.dll
Symbol file LoadedFromMemory is not a mono symbol file
Symbol file data-000001E1C0AC6000 doesn't match image C:\Users\USER\Desktop\unity\ToyProject\ToyProject\Library\ScriptAssemblies\Unity.TextMeshPro.Editor.dll
Symbol file LoadedFromMemory is not a mono symbol file
Symbol file data-000001E37568F680 doesn't match image C:\Users\USER\Desktop\unity\ToyProject\ToyProject\Library\ScriptAssemblies\Unity.VisualScripting.State.dll
Symbol file LoadedFromMemory is not a mono symbol file
Symbol file data-000001E378643030 doesn't match image C:\Users\USER\Desktop\unity\ToyProject\ToyProject\Library\ScriptAssemblies\Unity.VSCode.Editor.dll
Symbol file LoadedFromMemory is not a mono symbol file
- Loaded All Assemblies, in  0.736 seconds
Refreshing native plugins compatible for Editor in 9.21 ms, found 3 plugins.
Native extension for WindowsStandalone target not found
Native extension for Android target not found
Native extension for WebGL target not found
[Package Manager] Server::EnsureServerProcessIsRunning -- launch failed, reason: Unity was launched with the -noUpm command-line argument
[Package Manager] UpmClient::Send -- Unable to send message (not connected to UPM process).
[Package Manager] Cannot connect to Unity Package Manager local server
Mono: successfully reloaded assembly
- Finished resetting the current domain, in  1.452 seconds
Domain Reload Profiling: 2176ms
	BeginReloadAssembly (285ms)
		ExecutionOrderSort (0ms)
		DisableScriptedObjects (5ms)
		BackupInstance (0ms)
		ReleaseScriptingObjects (0ms)
		CreateAndSetChildDomain (39ms)
	RebuildCommonClasses (38ms)
	RebuildNativeTypeToScriptingClass (8ms)
	initialDomainReloadingComplete (49ms)
	LoadAllAssembliesAndSetupDomain (343ms)
		LoadAssemblies (515ms)
		RebuildTransferFunctionScriptingTraits (0ms)
		AnalyzeDomain (25ms)
			TypeCache.Refresh (11ms)
				TypeCache.ScanAssembly (5ms)
			ScanForSourceGeneratedMonoScriptInfo (8ms)
			ResolveRequiredComponents (4ms)
	FinalizeReload (1452ms)
		ReleaseScriptCaches (0ms)
		RebuildScriptCaches (0ms)
		SetupLoadedEditorAssemblies (431ms)
			LogAssemblyErrors (0ms)
			InitializePlatformSupportModulesInManaged (42ms)
			SetLoadedEditorAssemblies (3ms)
			RefreshPlugins (0ms)
			BeforeProcessingInitializeOnLoad (87ms)
			ProcessInitializeOnLoadAttributes (264ms)
			ProcessInitializeOnLoadMethodAttributes (14ms)
			AfterProcessingInitializeOnLoad (21ms)
			EditorAssembliesLoaded (0ms)
		ExecutionOrderSort2 (0ms)
		AwakeInstancesAfterBackupRestoration (13ms)
Refreshing native plugins compatible for Editor in 8.95 ms, found 3 plugins.
Preloading 0 native plugins for Editor in 0.00 ms.
Unloading 3459 Unused Serialized files (Serialized files now loaded: 0)
Unloading 43 unused Assets / (1.7 MB). Loaded Objects now: 3920.
Memory consumption went from 141.4 MB to 139.7 MB.
Total: 3.545500 ms (FindLiveObjects: 0.205000 ms CreateObjectMapping: 0.187600 ms MarkObjects: 2.465900 ms  DeleteObjects: 0.686100 ms)

Prepare: number of updated asset objects reloaded= 0
AssetImportParameters requested are different than current active one (requested -> active):
  custom:container-demuxer-ogg: 62fdf1f143b41e24485cea50d1cbac27 -> 
  custom:video-decoder-ogg-theora: a1e56fd34408186e4bbccfd4996cb3dc -> 
  custom:framework-win-MediaFoundation: 216162199b28c13a410421893ffa2e32 -> 
  custom:CustomObjectIndexerAttribute: 756ad292c208cfabdd7b50bc23989ffe -> 
  custom:container-demuxer-webm: 4f35f7cbe854078d1ac9338744f61a02 -> 
  custom:container-muxer-webm: aa71ff27fc2769a1b78a27578f13a17b -> 
  custom:video-decoder-webm-vp8: 9c59270c3fd7afecdb556c50c9e8de78 -> 
  custom:SearchIndexIgnoredProperties: e643bd26f0fe6173181afceb89e7c659 -> 
  custom:AudioImporter_EditorPlatform: d09bf68614088b80899f8185d706f6e7 -> 
  custom:video-encoder-webm-vp8: eb34c28f22e8b96e1ab97ce403110664 -> 
  custom:audio-decoder-ogg-vorbis: bf7c407c2cedff20999df2af8eb42d56 -> 
  custom:audio-encoder-webm-vorbis: bf7c407c2cedff20999df2af8eb42d56 -> 
========================================================================
Received Import Request.
  Time since last request: 1017.411304 seconds.
  path: Assets/Materials/textures/PNG/Green/texture_02.png
  artifactKey: Guid(6683d4b3747935543b1ab564dde9809f) Importer(815301076,1909f56bfc062723c751e8b465ee728b)
Start importing Assets/Materials/textures/PNG/Green/texture_02.png using Guid(6683d4b3747935543b1ab564dde9809f) Importer(815301076,1909f56bfc062723c751e8b465ee728b)  -> (artifact id: '384aea3bea40fbe40cd804fb5c10538f') in 0.059069 seconds
Number of updated asset objects reloaded before import = 0
Number of asset objects unloaded after import = 2
========================================================================
Received Import Request.
  Time since last request: 0.000012 seconds.
  path: Assets/Materials/textures/PNG/Green/texture_12.png
  artifactKey: Guid(792fd351dff8acc488238be66b1de11a) Importer(815301076,1909f56bfc062723c751e8b465ee728b)
Start importing Assets/Materials/textures/PNG/Green/texture_12.png using Guid(792fd351dff8acc488238be66b1de11a) Importer(815301076,1909f56bfc062723c751e8b465ee728b)  -> (artifact id: 'b6f17eccb6228ed8eef8717a2ae4499f') in 0.043360 seconds
Number of updated asset objects reloaded before import = 0
Number of asset objects unloaded after import = 2
========================================================================
Received Import Request.
  Time since last request: 0.000012 seconds.
  path: Assets/Materials/textures/PNG/Green/texture_08.png
  artifactKey: Guid(0e348ea06e9df2242a85026b4bd7b30d) Importer(815301076,1909f56bfc062723c751e8b465ee728b)
Start importing Assets/Materials/textures/PNG/Green/texture_08.png using Guid(0e348ea06e9df2242a85026b4bd7b30d) Importer(815301076,1909f56bfc062723c751e8b465ee728b)  -> (artifact id: 'bb6dbbf9d38f05ce71380a2896c614d9') in 0.030653 seconds
Number of updated asset objects reloaded before import = 0
Number of asset objects unloaded after import = 2
========================================================================
Received Import Request.
  Time since last request: 0.000017 seconds.
  path: Assets/Materials/textures/PNG/Green/texture_03.png
  artifactKey: Guid(85b0bbd2d44a9444eb796863cfe37eb8) Importer(815301076,1909f56bfc062723c751e8b465ee728b)
Start importing Assets/Materials/textures/PNG/Green/texture_03.png using Guid(85b0bbd2d44a9444eb796863cfe37eb8) Importer(815301076,1909f56bfc062723c751e8b465ee728b)  -> (artifact id: 'bddb34b35d96e69d17b6bcf658957fb5') in 0.037523 seconds
Number of updated asset objects reloaded before import = 0
Number of asset objects unloaded after import = 2
========================================================================
Received Import Request.
  Time since last request: 0.000015 seconds.
  path: Assets/Materials/textures/PNG/Green/texture_11.png
  artifactKey: Guid(654ed2dfbb3f3ab45b8219a6ab825f26) Importer(815301076,1909f56bfc062723c751e8b465ee728b)
Start importing Assets/Materials/textures/PNG/Green/texture_11.png using Guid(654ed2dfbb3f3ab45b8219a6ab825f26) Importer(815301076,1909f56bfc062723c751e8b465ee728b)  -> (artifact id: 'b2ec171adec50422ceba41201731139b') in 0.041205 seconds
Number of updated asset objects reloaded before import = 0
Number of asset objects unloaded after import = 2
========================================================================
Received Import Request.
  Time since last request: 0.000012 seconds.
  path: Assets/Materials/textures/PNG/Green/texture_06.png
  artifactKey: Guid(9368f4dc12dad19419150aef8b5bdc1d) Importer(815301076,1909f56bfc062723c751e8b465ee728b)
Start importing Assets/Materials/textures/PNG/Green/texture_06.png using Guid(9368f4dc12dad19419150aef8b5bdc1d) Importer(815301076,1909f56bfc062723c751e8b465ee728b)  -> (artifact id: '377b273edb82e622d1fcbaec57dfbd82') in 0.028473 seconds
Number of updated asset objects reloaded before import = 0
Number of asset objects unloaded after import = 2
========================================================================
Received Import Request.
  Time since last request: 0.000014 seconds.
  path: Assets/Materials/textures/PNG/Green/texture_05.png
  artifactKey: Guid(b8b3299f55ee95041bfa450d2a7cb3f7) Importer(815301076,1909f56bfc062723c751e8b465ee728b)
Start importing Assets/Materials/textures/PNG/Green/texture_05.png using Guid(b8b3299f55ee95041bfa450d2a7cb3f7) Importer(815301076,1909f56bfc062723c751e8b465ee728b)  -> (artifact id: '2a98d9d88cfa8864522dc4ddad4030d8') in 0.026411 seconds
Number of updated asset objects reloaded before import = 0
Number of asset objects unloaded after import = 2
========================================================================
Received Import Request.
  Time since last request: 22.297596 seconds.
  path: Assets/Materials/textures/PNG/Green/Materials/texture_02.mat
  artifactKey: Guid(4a5b96558896dff43bde0b808c277682) Importer(815301076,1909f56bfc062723c751e8b465ee728b)
Start importing Assets/Materials/textures/PNG/Green/Materials/texture_02.mat using Guid(4a5b96558896dff43bde0b808c277682) Importer(815301076,1909f56bfc062723c751e8b465ee728b)  -> (artifact id: '83adcc219666355fd058f9ad939b6001') in 0.049253 seconds
Number of updated asset objects reloaded before import = 0
Number of asset objects unloaded after import = 2
========================================================================
Received Import Request.
  Time since last request: 0.000018 seconds.
  path: Assets/Materials/textures/PNG/Green/Materials/texture_10.mat
  artifactKey: Guid(f597758245fc52b47937a449894e2694) Importer(815301076,1909f56bfc062723c751e8b465ee728b)
Start importing Assets/Materials/textures/PNG/Green/Materials/texture_10.mat using Guid(f597758245fc52b47937a449894e2694) Importer(815301076,1909f56bfc062723c751e8b465ee728b)  -> (artifact id: 'bdff196f93c3626b141e8dd6d94408a2') in 0.008539 seconds
Number of updated asset objects reloaded before import = 0
Number of asset objects unloaded after import = 2
========================================================================
Received Import Request.
  Time since last request: 0.000013 seconds.
  path: Assets/Materials/textures/PNG/Green/Materials/texture_08.mat
  artifactKey: Guid(c5f0b9fc2b49b1d44a3a380122e813b3) Importer(815301076,1909f56bfc062723c751e8b465ee728b)
Start importing Assets/Materials/textures/PNG/Green/Materials/texture_08.mat using Guid(c5f0b9fc2b49b1d44a3a380122e813b3) Importer(815301076,1909f56bfc062723c751e8b465ee728b)  -> (artifact id: '543aaeefe21d74c30193078019930b62') in 0.008707 seconds
Number of updated asset objects reloaded before import = 0
Number of asset objects unloaded after import = 2
========================================================================
Received Import Request.
  Time since last request: 0.000014 seconds.
  path: Assets/Materials/textures/PNG/Green/Materials/texture_09.mat
  artifactKey: Guid(d37973978df944846837b74a447a138e) Importer(815301076,1909f56bfc062723c751e8b465ee728b)
Start importing Assets/Materials/textures/PNG/Green/Materials/texture_09.mat using Guid(d37973978df944846837b74a447a138e) Importer(815301076,1909f56bfc062723c751e8b465ee728b)  -> (artifact id: 'e0610121bb3698163c6fca7b4d21bb81') in 0.010216 seconds
Number of updated asset objects reloaded before import = 0
Number of asset objects unloaded after import = 2
========================================================================
Received Import Request.
  Time since last request: 3.343639 seconds.
  path: Assets/Materials/textures/PNG/Dark/texture_02.png
  artifactKey: Guid(8575f198c7621844eb9a6e8306343166) Importer(815301076,1909f56bfc062723c751e8b465ee728b)
Start importing Assets/Materials/textures/PNG/Dark/texture_02.png using Guid(8575f198c7621844eb9a6e8306343166) Importer(815301076,1909f56bfc062723c751e8b465ee728b)  -> (artifact id: '46628ab9c045fc0c8bb4eee0e5c77707') in 0.028049 seconds
Number of updated asset objects reloaded before import = 0
Number of asset objects unloaded after import = 2
========================================================================
Received Import Request.
  Time since last request: 0.000080 seconds.
  path: Assets/Materials/textures/PNG/Dark/texture_11.png
  artifactKey: Guid(b3cf63421b77c5048a3bc304410713a0) Importer(815301076,1909f56bfc062723c751e8b465ee728b)
Start importing Assets/Materials/textures/PNG/Dark/texture_11.png using Guid(b3cf63421b77c5048a3bc304410713a0) Importer(815301076,1909f56bfc062723c751e8b465ee728b)  -> (artifact id: '8aa243951159f48ccbee708a7216b557') in 0.044294 seconds
Number of updated asset objects reloaded before import = 0
Number of asset objects unloaded after import = 2
========================================================================
Received Import Request.
  Time since last request: 0.000012 seconds.
  path: Assets/Materials/textures/PNG/Dark/texture_06.png
  artifactKey: Guid(8f80e2503e9180e4aa49c7374354b8a9) Importer(815301076,1909f56bfc062723c751e8b465ee728b)
Start importing Assets/Materials/textures/PNG/Dark/texture_06.png using Guid(8f80e2503e9180e4aa49c7374354b8a9) Importer(815301076,1909f56bfc062723c751e8b465ee728b)  -> (artifact id: '1748afbba108a7e38c09d16fb171e886') in 0.035128 seconds
Number of updated asset objects reloaded before import = 0
Number of asset objects unloaded after import = 2
========================================================================
Received Import Request.
  Time since last request: 0.000015 seconds.
  path: Assets/Materials/textures/PNG/Dark/texture_09.png
  artifactKey: Guid(f174af5bf91b8c34cb8022a27aec3579) Importer(815301076,1909f56bfc062723c751e8b465ee728b)
Start importing Assets/Materials/textures/PNG/Dark/texture_09.png using Guid(f174af5bf91b8c34cb8022a27aec3579) Importer(815301076,1909f56bfc062723c751e8b465ee728b)  -> (artifact id: '4896802cbc6ab92600fceaf5d97e9d7a') in 0.028542 seconds
Number of updated asset objects reloaded before import = 0
Number of asset objects unloaded after import = 2
========================================================================
Received Import Request.
  Time since last request: 0.000018 seconds.
  path: Assets/Materials/textures/PNG/Dark/texture_10.png
  artifactKey: Guid(d26807a6f597c0d4f98922f8d0530b3c) Importer(815301076,1909f56bfc062723c751e8b465ee728b)
Start importing Assets/Materials/textures/PNG/Dark/texture_10.png using Guid(d26807a6f597c0d4f98922f8d0530b3c) Importer(815301076,1909f56bfc062723c751e8b465ee728b)  -> (artifact id: 'ace140b14477bd9c69d80630af421547') in 0.025822 seconds
Number of updated asset objects reloaded before import = 0
Number of asset objects unloaded after import = 2
========================================================================
Received Import Request.
  Time since last request: 60.680329 seconds.
  path: Assets/Model/kit/Models/FBX format/shape-cube-rounded.fbx
  artifactKey: Guid(9e4ecbb131b11db4081923c4e45d6911) Importer(815301076,1909f56bfc062723c751e8b465ee728b)
Start importing Assets/Model/kit/Models/FBX format/shape-cube-rounded.fbx using Guid(9e4ecbb131b11db4081923c4e45d6911) Importer(815301076,1909f56bfc062723c751e8b465ee728b)  -> (artifact id: 'b18d1f95ef9cbc13aa80a324dc987808') in 0.038393 seconds
Number of updated asset objects reloaded before import = 0
Number of asset objects unloaded after import = 9
========================================================================
Received Import Request.
  Time since last request: 0.000016 seconds.
  path: Assets/Model/kit/Models/FBX format/shape-cylinder-half-detailed.fbx
  artifactKey: Guid(fb599ba98752eb144986d6daa858e9de) Importer(815301076,1909f56bfc062723c751e8b465ee728b)
Start importing Assets/Model/kit/Models/FBX format/shape-cylinder-half-detailed.fbx using Guid(fb599ba98752eb144986d6daa858e9de) Importer(815301076,1909f56bfc062723c751e8b465ee728b)  -> (artifact id: '8346888dae4caf0dcceed6fc4600730e') in 0.031174 seconds
Number of updated asset objects reloaded before import = 0
Number of asset objects unloaded after import = 9
========================================================================
Received Import Request.
  Time since last request: 0.000013 seconds.
  path: Assets/Model/kit/Models/FBX format/shape-cylinder.fbx
  artifactKey: Guid(de70c8917e161a448ab95d540383f86f) Importer(815301076,1909f56bfc062723c751e8b465ee728b)
Start importing Assets/Model/kit/Models/FBX format/shape-cylinder.fbx using Guid(de70c8917e161a448ab95d540383f86f) Importer(815301076,1909f56bfc062723c751e8b465ee728b)  -> (artifact id: '9c6058de201cd86348b26cbee26212ca') in 0.017700 seconds
Number of updated asset objects reloaded before import = 0
Number of asset objects unloaded after import = 9
========================================================================
Received Import Request.
  Time since last request: 8.163821 seconds.
  path: Assets/Materials/textures/PNG/Dark/Materials/texture_11.mat
  artifactKey: Guid(23f86f7dcc0dc5d4ebdf162868c34beb) Importer(815301076,1909f56bfc062723c751e8b465ee728b)
Start importing Assets/Materials/textures/PNG/Dark/Materials/texture_11.mat using Guid(23f86f7dcc0dc5d4ebdf162868c34beb) Importer(815301076,1909f56bfc062723c751e8b465ee728b)  -> (artifact id: '7cbaa93dbc9cd6c73563f12a459750a1') in 0.011644 seconds
Number of updated asset objects reloaded before import = 0
Number of asset objects unloaded after import = 2
========================================================================
Received Import Request.
  Time since last request: 0.000010 seconds.
  path: Assets/Materials/textures/PNG/Dark/Materials/texture_13.mat
  artifactKey: Guid(fd4658ff64fce544ea71614428c9a728) Importer(815301076,1909f56bfc062723c751e8b465ee728b)
Start importing Assets/Materials/textures/PNG/Dark/Materials/texture_13.mat using Guid(fd4658ff64fce544ea71614428c9a728) Importer(815301076,1909f56bfc062723c751e8b465ee728b)  -> (artifact id: 'd5214339888eb16d9e5296ba7c0e8f3f') in 0.011161 seconds
Number of updated asset objects reloaded before import = 0
Number of asset objects unloaded after import = 2
========================================================================
Received Import Request.
  Time since last request: 234.200706 seconds.
  path: Assets/Materials/textures/PNG/Orange/texture_02.png
  artifactKey: Guid(bafdd50b57cede74eabcaf5572d11c86) Importer(815301076,1909f56bfc062723c751e8b465ee728b)
Start importing Assets/Materials/textures/PNG/Orange/texture_02.png using Guid(bafdd50b57cede74eabcaf5572d11c86) Importer(815301076,1909f56bfc062723c751e8b465ee728b)  -> (artifact id: 'abba77b73cbea6f1ff2bb4b165cd06c0') in 0.025460 seconds
Number of updated asset objects reloaded before import = 0
Number of asset objects unloaded after import = 2
========================================================================
Received Import Request.
  Time since last request: 0.006769 seconds.
  path: Assets/Materials/textures/PNG/Orange/texture_03.png
  artifactKey: Guid(ebf05ddb05b09874696ddb171e8275d9) Importer(815301076,1909f56bfc062723c751e8b465ee728b)
Start importing Assets/Materials/textures/PNG/Orange/texture_03.png using Guid(ebf05ddb05b09874696ddb171e8275d9) Importer(815301076,1909f56bfc062723c751e8b465ee728b)  -> (artifact id: '04973472136601eb467c5df795b84855') in 0.027161 seconds
Number of updated asset objects reloaded before import = 0
Number of asset objects unloaded after import = 2
========================================================================
Received Import Request.
  Time since last request: 0.000013 seconds.
  path: Assets/Materials/textures/PNG/Orange/texture_12.png
  artifactKey: Guid(c9be96c5e8ff28046be6269000f3930f) Importer(815301076,1909f56bfc062723c751e8b465ee728b)
Start importing Assets/Materials/textures/PNG/Orange/texture_12.png using Guid(c9be96c5e8ff28046be6269000f3930f) Importer(815301076,1909f56bfc062723c751e8b465ee728b)  -> (artifact id: 'f57c03c9d5b4f4278c029f747ba616fb') in 0.029516 seconds
Number of updated asset objects reloaded before import = 0
Number of asset objects unloaded after import = 2
========================================================================
Received Import Request.
  Time since last request: 0.000012 seconds.
  path: Assets/Materials/textures/PNG/Orange/texture_09.png
  artifactKey: Guid(97c7d747ab6588e40b18a89ab36e1d7e) Importer(815301076,1909f56bfc062723c751e8b465ee728b)
Start importing Assets/Materials/textures/PNG/Orange/texture_09.png using Guid(97c7d747ab6588e40b18a89ab36e1d7e) Importer(815301076,1909f56bfc062723c751e8b465ee728b)  -> (artifact id: '8fd285f083fc92a1428a0474f580d7b9') in 0.027223 seconds
Number of updated asset objects reloaded before import = 0
Number of asset objects unloaded after import = 2
========================================================================
Received Import Request.
  Time since last request: 0.000014 seconds.
  path: Assets/Materials/textures/PNG/Orange/texture_06.png
  artifactKey: Guid(b7c3722e9ce2c9142ba8cac971423839) Importer(815301076,1909f56bfc062723c751e8b465ee728b)
Start importing Assets/Materials/textures/PNG/Orange/texture_06.png using Guid(b7c3722e9ce2c9142ba8cac971423839) Importer(815301076,1909f56bfc062723c751e8b465ee728b)  -> (artifact id: '40d42b05768d8fa1c492f20795923ba9') in 0.027043 seconds
Number of updated asset objects reloaded before import = 0
Number of asset objects unloaded after import = 2
========================================================================
Received Import Request.
  Time since last request: 0.000012 seconds.
  path: Assets/Materials/textures/PNG/Orange/texture_10.png
  artifactKey: Guid(7f5ed506b11c09d4ca34bbf4f20f3c4d) Importer(815301076,1909f56bfc062723c751e8b465ee728b)
Start importing Assets/Materials/textures/PNG/Orange/texture_10.png using Guid(7f5ed506b11c09d4ca34bbf4f20f3c4d) Importer(815301076,1909f56bfc062723c751e8b465ee728b)  -> (artifact id: '8206b45066dbfc9a8154a5784ee339b2') in 0.026887 seconds
Number of updated asset objects reloaded before import = 0
Number of asset objects unloaded after import = 2
========================================================================
Received Import Request.
  Time since last request: 0.000013 seconds.
  path: Assets/Materials/textures/PNG/Orange/texture_13.png
  artifactKey: Guid(ca8955e7b7ceed941a91fa97b05b5641) Importer(815301076,1909f56bfc062723c751e8b465ee728b)
Start importing Assets/Materials/textures/PNG/Orange/texture_13.png using Guid(ca8955e7b7ceed941a91fa97b05b5641) Importer(815301076,1909f56bfc062723c751e8b465ee728b)  -> (artifact id: '45d0d625f36eb7430d0d47d7cab1896f') in 0.024454 seconds
Number of updated asset objects reloaded before import = 0
Number of asset objects unloaded after import = 2
Editor requested this worker to shutdown with reason: Scaling down because of idle timeout
TcpMessagingSession - receive error: operation aborted. errorcode: 995, details:        I/O  .
AssetImportWorker is now disconnected from the server
Process exiting
Exiting without the bug reporter. Application will terminate with return code 0